<?xml version="1.0" encoding="UTF-8"?>
<testsuite name="com.example.project.CalculatorTests" tests="6" skipped="0" failures="0" errors="0" timestamp="2022-01-17T21:01:11" hostname="Ernests-MBP.local" time="0.062">
  <properties/>
  <testcase name="divisionByZeroError()" classname="com.example.project.CalculatorTests" time="0.013"/>
  <testcase name="0 + 1 = 1" classname="com.example.project.CalculatorTests" time="0.016"/>
  <testcase name="1 + 2 = 3" classname="com.example.project.CalculatorTests" time="0.001"/>
  <testcase name="49 + 51 = 100" classname="com.example.project.CalculatorTests" time="0.001"/>
  <testcase name="1 + 100 = 101" classname="com.example.project.CalculatorTests" time="0.0"/>
  <testcase name="1 + 1 = 2()" classname="com.example.project.CalculatorTests" time="0.0"/>
  <system-out><![CDATA[]]></system-out>
  <system-err><![CDATA[]]></system-err>
</testsuite>
